<?xml version="1.0" encoding="UTF-8"?>
<!-- Generated by org.testng.reporters.JUnitReportReporter -->
<testsuite hostname="D0844" name="Performance.Performance.AddComment" tests="1" failures="0" timestamp="23 Mar 2016 14:05:31 GMT" time="16.896" errors="0">
  <testcase name="main" time="16.896" classname="Performance.Performance.AddComment"/>
</testsuite> <!-- Performance.Performance.AddComment -->
