<?xml version="1.0" encoding="UTF-8"?>
<!-- Generated by org.testng.reporters.JUnitReportReporter -->
<testsuite hostname="D0844" name="Performance.Performance.DisplayDoc_LoopTest" tests="1" failures="0" timestamp="23 Mar 2016 10:54:55 GMT" time="321.935" errors="0">
  <testcase name="main" time="321.935" classname="Performance.Performance.DisplayDoc_LoopTest"/>
</testsuite> <!-- Performance.Performance.DisplayDoc_LoopTest -->
