<?xml version="1.0" encoding="UTF-8"?>
<!-- Generated by org.testng.reporters.JUnitReportReporter -->
<testsuite hostname="D0844" name="Performance.Performance.PageNavi" tests="1" failures="0" timestamp="25 Feb 2016 10:34:33 GMT" time="3.904" errors="0">
  <testcase name="main" time="3.904" classname="Performance.Performance.PageNavi"/>
</testsuite> <!-- Performance.Performance.PageNavi -->
