<?xml version="1.0" encoding="UTF-8"?>
<!-- Generated by org.testng.reporters.JUnitReportReporter -->
<testsuite hostname="D0844" name="Performance.Performance.ViewHistory_LoopTest" tests="1" failures="0" timestamp="23 Mar 2016 09:28:39 GMT" time="303.726" errors="0">
  <testcase name="main" time="303.726" classname="Performance.Performance.ViewHistory_LoopTest"/>
</testsuite> <!-- Performance.Performance.ViewHistory_LoopTest -->
