<?xml version="1.0" encoding="UTF-8"?>
<!-- Generated by org.testng.reporters.JUnitReportReporter -->
<testsuite hostname="D0844" name="Performance.Performance.Android_Emu" tests="1" failures="0" timestamp="26 Feb 2016 08:18:49 GMT" time="4.354" errors="0">
  <testcase name="main" time="4.354" classname="Performance.Performance.Android_Emu"/>
</testsuite> <!-- Performance.Performance.Android_Emu -->
