<?xml version="1.0" encoding="UTF-8"?>
<!-- Generated by org.testng.reporters.JUnitReportReporter -->
<testsuite hostname="D0844" name="Performance.Performance.ViewHistory" tests="1" failures="0" timestamp="14 Mar 2016 16:01:28 GMT" time="9.524" errors="0">
  <testcase name="main" time="9.524" classname="Performance.Performance.ViewHistory"/>
</testsuite> <!-- Performance.Performance.ViewHistory -->
