<?xml version="1.0" encoding="UTF-8"?>
<!-- Generated by org.testng.reporters.JUnitReportReporter -->
<testsuite hostname="D0844" name="Performance.Performance.DisplayDoc" tests="1" failures="0" timestamp="23 Mar 2016 11:11:58 GMT" time="7.930" errors="0">
  <testcase name="main" time="7.930" classname="Performance.Performance.DisplayDoc"/>
</testsuite> <!-- Performance.Performance.DisplayDoc -->
