<?xml version="1.0" encoding="UTF-8"?>
<!-- Generated by org.testng.reporters.JUnitReportReporter -->
<testsuite hostname="D0844" name="Performance.Performance.ChangeFolder" tests="1" failures="0" timestamp="23 Mar 2016 13:34:05 GMT" time="14.612" errors="0">
  <testcase name="main" time="14.612" classname="Performance.Performance.ChangeFolder"/>
</testsuite> <!-- Performance.Performance.ChangeFolder -->
