<?xml version="1.0" encoding="UTF-8"?>
<!-- Generated by org.testng.reporters.JUnitReportReporter -->
<testsuite hostname="D0844" name="Performance.Performance.FolderSelect2DocList" tests="1" failures="0" timestamp="23 Mar 2016 10:34:25 GMT" time="8.629" errors="0">
  <testcase name="main" time="8.629" classname="Performance.Performance.FolderSelect2DocList"/>
</testsuite> <!-- Performance.Performance.FolderSelect2DocList -->
