<?xml version="1.0" encoding="UTF-8"?>
<!-- Generated by org.testng.reporters.JUnitReportReporter -->
<testsuite hostname="D0844" name="Performance.Performance.ChangeFolder_LoopTest" tests="1" failures="0" timestamp="23 Mar 2016 13:44:12 GMT" time="314.391" errors="0">
  <testcase name="main" time="314.391" classname="Performance.Performance.ChangeFolder_LoopTest"/>
</testsuite> <!-- Performance.Performance.ChangeFolder_LoopTest -->
