<?xml version="1.0" encoding="UTF-8"?>
<!-- Generated by org.testng.reporters.JUnitReportReporter -->
<testsuite hostname="D0844" name="Performance.Performance.LoopTest" tests="1" failures="0" timestamp="25 Feb 2016 11:13:00 GMT" time="110.525" errors="0">
  <testcase name="main" time="110.525" classname="Performance.Performance.LoopTest"/>
</testsuite> <!-- Performance.Performance.LoopTest -->
